<?xml version="1.0" encoding="UTF-8"?>
<!-- Generated by org.testng.reporters.JUnitReportReporter -->
<testsuite hostname="Munnas-MacBook-Pro.local" name="com.goibibo.auto.GoIbibo.SS1_bookFlight" tests="1" failures="0" timestamp="7 Aug 2020 13:27:51 GMT" time="31.948" errors="0">
  <testcase name="bookFlight" time="31.948" classname="com.goibibo.auto.GoIbibo.SS1_bookFlight"/>
</testsuite> <!-- com.goibibo.auto.GoIbibo.SS1_bookFlight -->
