<?xml version="1.0" encoding="UTF-8"?>
<!-- Generated by org.testng.reporters.JUnitReportReporter -->
<testsuite skipped="0" hostname="Munnas-MacBook-Pro.local" name="com.goibibo.auto.GoIbibo.SS1_bookFlight" tests="1" failures="0" timestamp="2020-08-08T02:52:05 IST" time="43.751" errors="0">
  <testcase name="bookFlight" time="43.751" classname="com.goibibo.auto.GoIbibo.SS1_bookFlight"/>
  <system-out/>
</testsuite> <!-- com.goibibo.auto.GoIbibo.SS1_bookFlight -->
